#
# There is insufficient memory for the Java Runtime Environment to continue.
# Native memory allocation (malloc) failed to allocate 1430256 bytes for Chunk::new
# Possible reasons:
#   The system is out of physical RAM or swap space
#   In 32 bit mode, the process size limit was hit
# Possible solutions:
#   Reduce memory load on the system
#   Increase physical memory or swap space
#   Check if swap backing store is full
#   Use 64 bit Java on a 64 bit OS
#   Decrease Java heap size (-Xmx/-Xms)
#   Decrease number of Java threads
#   Decrease Java thread stack sizes (-Xss)
#   Set larger code cache with -XX:ReservedCodeCacheSize=
# This output file may be truncated or incomplete.
#
#  Out of Memory Error (allocation.cpp:390), pid=14444, tid=13600
#
# JRE version: Java(TM) SE Runtime Environment (8.0_60-b27) (build 1.8.0_60-b27)
# Java VM: Java HotSpot(TM) 64-Bit Server VM (25.60-b23 mixed mode windows-amd64 compressed oops)
# Failed to write core dump. Minidumps are not enabled by default on client versions of Windows
#

---------------  T H R E A D  ---------------

Current thread (0x0000000016f1c000):  JavaThread "C2 CompilerThread0" daemon [_thread_in_native, id=13600, stack(0x0000000018470000,0x0000000018570000)]

Stack: [0x0000000018470000,0x0000000018570000]
[error occurred during error reporting (printing stack bounds), id 0xc0000005]

Native frames: (J=compiled Java code, j=interpreted, Vv=VM code, C=native code)


Current CompileTask:
C2:  13200  620       4       org.apache.lucene.index.TermInfosReader::get (448 bytes)


---------------  P R O C E S S  ---------------

Java Threads: ( => current thread )
  0x0000000016f7d800 JavaThread "Service Thread" daemon [_thread_blocked, id=12992, stack(0x0000000018b70000,0x0000000018c70000)]
  0x0000000016f59000 JavaThread "C1 CompilerThread2" daemon [_thread_blocked, id=12080, stack(0x0000000018670000,0x0000000018770000)]
  0x0000000016f23800 JavaThread "C2 CompilerThread1" daemon [_thread_blocked, id=14816, stack(0x0000000018570000,0x0000000018670000)]
=>0x0000000016f1c000 JavaThread "C2 CompilerThread0" daemon [_thread_in_native, id=13600, stack(0x0000000018470000,0x0000000018570000)]
  0x0000000016f1b000 JavaThread "Attach Listener" daemon [_thread_blocked, id=12124, stack(0x0000000018370000,0x0000000018470000)]
  0x0000000016f19000 JavaThread "Signal Dispatcher" daemon [_thread_blocked, id=8424, stack(0x0000000018270000,0x0000000018370000)]
  0x00000000023a6000 JavaThread "Finalizer" daemon [_thread_blocked, id=4000, stack(0x0000000018170000,0x0000000018270000)]
  0x000000000239d000 JavaThread "Reference Handler" daemon [_thread_blocked, id=12500, stack(0x0000000018070000,0x0000000018170000)]
  0x00000000022b0800 JavaThread "main" [_thread_in_Java, id=12180, stack(0x00000000021b0000,0x00000000022b0000)]

Other Threads:
  0x0000000016ee7800 VMThread [stack: 0x0000000017f70000,0x0000000018070000] [id=12456]
  0x00000000187a6000 WatcherThread [stack: 0x0000000018c70000,0x0000000018d70000] [id=3888]

VM state:not at safepoint (normal execution)

VM Mutex/Monitor currently owned by a thread: None

Heap:
 PSYoungGen      total 565760K, used 179759K [0x00000000d5c00000, 0x0000000100000000, 0x0000000100000000)
  eden space 528896K, 33% used [0x00000000d5c00000,0x00000000e0b8bc40,0x00000000f6080000)
  from space 36864K, 0% used [0x00000000f6080000,0x00000000f6080000,0x00000000f8480000)
  to   space 53248K, 0% used [0x00000000fcc00000,0x00000000fcc00000,0x0000000100000000)
 ParOldGen       total 144896K, used 70516K [0x0000000081400000, 0x000000008a180000, 0x00000000d5c00000)
  object space 144896K, 48% used [0x0000000081400000,0x00000000858dd258,0x000000008a180000)
 Metaspace       used 4119K, capacity 5438K, committed 5632K, reserved 1056768K
  class space    used 442K, capacity 489K, committed 512K, reserved 1048576K

Card table byte_map: [0x0000000011770000,0x0000000011b70000] byte_map_base: 0x0000000011366000

Marking Bits: (ParMarkBitMap*) 0x0000000058fba5b0
 Begin Bits: [0x0000000012220000, 0x00000000141d0000)
 End Bits:   [0x00000000141d0000, 0x0000000016180000)

Polling page: 0x00000000004f0000

CodeCache: size=245760Kb used=3392Kb max_used=3405Kb free=242367Kb
 bounds [0x00000000023b0000, 0x0000000002710000, 0x00000000113b0000]
 total_blobs=885 nmethods=615 adapters=183
 compilation: enabled

Compilation events (10 events):
Event: 12.113 Thread 0x0000000016f1c000  616       4       org.apache.lucene.index.SegmentTermEnum::prev (8 bytes)
Event: 12.113 Thread 0x0000000016f23800  617       4       org.apache.lucene.index.TermInfosReader::ensureIndexIsRead (18 bytes)
Event: 12.115 Thread 0x0000000016f23800 nmethod 617 0x00000000026eb210 code [0x00000000026eb340, 0x00000000026eb3b8]
Event: 12.115 Thread 0x0000000016f23800  618       4       org.apache.lucene.index.TermInfosReader$CloneableTerm::<init> (24 bytes)
Event: 12.125 Thread 0x0000000016f59000 nmethod 615 0x00000000026fdf50 code [0x00000000026fe460, 0x0000000002701c48]
Event: 12.136 Thread 0x0000000016f23800 nmethod 618 0x00000000026ec690 code [0x00000000026ec800, 0x00000000026ecbd8]
Event: 12.136 Thread 0x0000000016f23800  619       4       org.apache.lucene.index.TermInfosReaderIndex::compareTo (25 bytes)
Event: 12.137 Thread 0x0000000016f1c000 nmethod 616 0x00000000026f2050 code [0x00000000026f21c0, 0x00000000026f26b8]
Event: 12.142 Thread 0x0000000016f1c000  620       4       org.apache.lucene.index.TermInfosReader::get (448 bytes)
Event: 12.156 Thread 0x0000000016f23800 nmethod 619 0x0000000002704a90 code [0x0000000002704c20, 0x0000000002705108]

GC Heap History (10 events):
Event: 4.159 GC heap before
{Heap before GC invocations=6 (full 0):
 PSYoungGen      total 138240K, used 138208K [0x00000000d5c00000, 0x00000000e8c00000, 0x0000000100000000)
  eden space 133120K, 100% used [0x00000000d5c00000,0x00000000dde00000,0x00000000dde00000)
  from space 5120K, 99% used [0x00000000dde00000,0x00000000de2f8040,0x00000000de300000)
  to   space 22528K, 0% used [0x00000000e7600000,0x00000000e7600000,0x00000000e8c00000)
 ParOldGen       total 87552K, used 35354K [0x0000000081400000, 0x0000000086980000, 0x00000000d5c00000)
  object space 87552K, 40% used [0x0000000081400000,0x0000000083686998,0x0000000086980000)
 Metaspace       used 4119K, capacity 5438K, committed 5632K, reserved 1056768K
  class space    used 442K, capacity 489K, committed 512K, reserved 1048576K
Event: 4.252 GC heap after
Heap after GC invocations=6 (full 0):
 PSYoungGen      total 287744K, used 14198K [0x00000000d5c00000, 0x00000000e8b00000, 0x0000000100000000)
  eden space 266240K, 0% used [0x00000000d5c00000,0x00000000d5c00000,0x00000000e6000000)
  from space 21504K, 66% used [0x00000000e7600000,0x00000000e83dd810,0x00000000e8b00000)
  to   space 22016K, 0% used [0x00000000e6000000,0x00000000e6000000,0x00000000e7580000)
 ParOldGen       total 87552K, used 35354K [0x0000000081400000, 0x0000000086980000, 0x00000000d5c00000)
  object space 87552K, 40% used [0x0000000081400000,0x0000000083686998,0x0000000086980000)
 Metaspace       used 4119K, capacity 5438K, committed 5632K, reserved 1056768K
  class space    used 442K, capacity 489K, committed 512K, reserved 1048576K
}
Event: 6.002 GC heap before
{Heap before GC invocations=7 (full 0):
 PSYoungGen      total 287744K, used 280438K [0x00000000d5c00000, 0x00000000e8b00000, 0x0000000100000000)
  eden space 266240K, 100% used [0x00000000d5c00000,0x00000000e6000000,0x00000000e6000000)
  from space 21504K, 66% used [0x00000000e7600000,0x00000000e83dd810,0x00000000e8b00000)
  to   space 22016K, 0% used [0x00000000e6000000,0x00000000e6000000,0x00000000e7580000)
 ParOldGen       total 87552K, used 35354K [0x0000000081400000, 0x0000000086980000, 0x00000000d5c00000)
  object space 87552K, 40% used [0x0000000081400000,0x0000000083686998,0x0000000086980000)
 Metaspace       used 4119K, capacity 5438K, committed 5632K, reserved 1056768K
  class space    used 442K, capacity 489K, committed 512K, reserved 1048576K
Event: 6.296 GC heap after
Heap after GC invocations=7 (full 0):
 PSYoungGen      total 288256K, used 21984K [0x00000000d5c00000, 0x00000000fa500000, 0x0000000100000000)
  eden space 266240K, 0% used [0x00000000d5c00000,0x00000000d5c00000,0x00000000e6000000)
  from space 22016K, 99% used [0x00000000e6000000,0x00000000e75783d8,0x00000000e7580000)
  to   space 33280K, 0% used [0x00000000f8480000,0x00000000f8480000,0x00000000fa500000)
 ParOldGen       total 87552K, used 50866K [0x0000000081400000, 0x0000000086980000, 0x00000000d5c00000)
  object space 87552K, 58% used [0x0000000081400000,0x00000000845ac9c8,0x0000000086980000)
 Metaspace       used 4119K, capacity 5438K, committed 5632K, reserved 1056768K
  class space    used 442K, capacity 489K, committed 512K, reserved 1048576K
}
Event: 8.048 GC heap before
{Heap before GC invocations=8 (full 0):
 PSYoungGen      total 288256K, used 288224K [0x00000000d5c00000, 0x00000000fa500000, 0x0000000100000000)
  eden space 266240K, 100% used [0x00000000d5c00000,0x00000000e6000000,0x00000000e6000000)
  from space 22016K, 99% used [0x00000000e6000000,0x00000000e75783d8,0x00000000e7580000)
  to   space 33280K, 0% used [0x00000000f8480000,0x00000000f8480000,0x00000000fa500000)
 ParOldGen       total 87552K, used 50866K [0x0000000081400000, 0x0000000086980000, 0x00000000d5c00000)
  object space 87552K, 58% used [0x0000000081400000,0x00000000845ac9c8,0x0000000086980000)
 Metaspace       used 4119K, capacity 5438K, committed 5632K, reserved 1056768K
  class space    used 442K, capacity 489K, committed 512K, reserved 1048576K
Event: 8.206 GC heap after
Heap after GC invocations=8 (full 0):
 PSYoungGen      total 562176K, used 28945K [0x00000000d5c00000, 0x00000000fac00000, 0x0000000100000000)
  eden space 528896K, 0% used [0x00000000d5c00000,0x00000000d5c00000,0x00000000f6080000)
  from space 33280K, 86% used [0x00000000f8480000,0x00000000fa0c4598,0x00000000fa500000)
  to   space 36864K, 0% used [0x00000000f6080000,0x00000000f6080000,0x00000000f8480000)
 ParOldGen       total 87552K, used 51002K [0x0000000081400000, 0x0000000086980000, 0x00000000d5c00000)
  object space 87552K, 58% used [0x0000000081400000,0x00000000845ce9c8,0x0000000086980000)
 Metaspace       used 4119K, capacity 5438K, committed 5632K, reserved 1056768K
  class space    used 442K, capacity 489K, committed 512K, reserved 1048576K
}
Event: 10.465 GC heap before
{Heap before GC invocations=9 (full 0):
 PSYoungGen      total 562176K, used 557841K [0x00000000d5c00000, 0x00000000fac00000, 0x0000000100000000)
  eden space 528896K, 100% used [0x00000000d5c00000,0x00000000f6080000,0x00000000f6080000)
  from space 33280K, 86% used [0x00000000f8480000,0x00000000fa0c4598,0x00000000fa500000)
  to   space 36864K, 0% used [0x00000000f6080000,0x00000000f6080000,0x00000000f8480000)
 ParOldGen       total 87552K, used 51002K [0x0000000081400000, 0x0000000086980000, 0x00000000d5c00000)
  object space 87552K, 58% used [0x0000000081400000,0x00000000845ce9c8,0x0000000086980000)
 Metaspace       used 4119K, capacity 5438K, committed 5632K, reserved 1056768K
  class space    used 442K, capacity 489K, committed 512K, reserved 1048576K
Event: 10.710 GC heap after
Heap after GC invocations=9 (full 0):
 PSYoungGen      total 565760K, used 36842K [0x00000000d5c00000, 0x0000000100000000, 0x0000000100000000)
  eden space 528896K, 0% used [0x00000000d5c00000,0x00000000d5c00000,0x00000000f6080000)
  from space 36864K, 99% used [0x00000000f6080000,0x00000000f847a808,0x00000000f8480000)
  to   space 53248K, 0% used [0x00000000fcc00000,0x00000000fcc00000,0x0000000100000000)
 ParOldGen       total 87552K, used 77106K [0x0000000081400000, 0x0000000086980000, 0x00000000d5c00000)
  object space 87552K, 88% used [0x0000000081400000,0x0000000085f4c9d8,0x0000000086980000)
 Metaspace       used 4119K, capacity 5438K, committed 5632K, reserved 1056768K
  class space    used 442K, capacity 489K, committed 512K, reserved 1048576K
}
Event: 10.710 GC heap before
{Heap before GC invocations=10 (full 1):
 PSYoungGen      total 565760K, used 36842K [0x00000000d5c00000, 0x0000000100000000, 0x0000000100000000)
  eden space 528896K, 0% used [0x00000000d5c00000,0x00000000d5c00000,0x00000000f6080000)
  from space 36864K, 99% used [0x00000000f6080000,0x00000000f847a808,0x00000000f8480000)
  to   space 53248K, 0% used [0x00000000fcc00000,0x00000000fcc00000,0x0000000100000000)
 ParOldGen       total 87552K, used 77106K [0x0000000081400000, 0x0000000086980000, 0x00000000d5c00000)
  object space 87552K, 88% used [0x0000000081400000,0x0000000085f4c9d8,0x0000000086980000)
 Metaspace       used 4119K, capacity 5438K, committed 5632K, reserved 1056768K
  class space    used 442K, capacity 489K, committed 512K, reserved 1048576K
Event: 11.679 GC heap after
Heap after GC invocations=10 (full 1):
 PSYoungGen      total 565760K, used 0K [0x00000000d5c00000, 0x0000000100000000, 0x0000000100000000)
  eden space 528896K, 0% used [0x00000000d5c00000,0x00000000d5c00000,0x00000000f6080000)
  from space 36864K, 0% used [0x00000000f6080000,0x00000000f6080000,0x00000000f8480000)
  to   space 53248K, 0% used [0x00000000fcc00000,0x00000000fcc00000,0x0000000100000000)
 ParOldGen       total 144896K, used 70516K [0x0000000081400000, 0x000000008a180000, 0x00000000d5c00000)
  object space 144896K, 48% used [0x0000000081400000,0x00000000858dd258,0x000000008a180000)
 Metaspace       used 4119K, capacity 5438K, committed 5632K, reserved 1056768K
  class space    used 442K, capacity 489K, committed 512K, reserved 1048576K
}

Deoptimization events (10 events):
Event: 2.102 Thread 0x00000000022b0800 Uncommon trap: reason=unstable_if action=reinterpret pc=0x00000000025ab058 method=java.util.HashMap.getNode(ILjava/lang/Object;)Ljava/util/HashMap$Node; @ 129
Event: 2.102 Thread 0x00000000022b0800 Uncommon trap: reason=unstable_if action=reinterpret pc=0x00000000025ecdec method=java.util.HashMap.putVal(ILjava/lang/Object;Ljava/lang/Object;ZZ)Ljava/lang/Object; @ 181
Event: 2.362 Thread 0x00000000022b0800 Uncommon trap: reason=unstable_if action=reinterpret pc=0x00000000025ef2d0 method=java.lang.ref.ReferenceQueue.poll()Ljava/lang/ref/Reference; @ 4
Event: 3.011 Thread 0x00000000022b0800 Uncommon trap: reason=class_check action=maybe_recompile pc=0x00000000025ccaac method=java.util.concurrent.ConcurrentHashMap.putVal(Ljava/lang/Object;Ljava/lang/Object;Z)Ljava/lang/Object; @ 192
Event: 3.150 Thread 0x00000000022b0800 Uncommon trap: reason=class_check action=maybe_recompile pc=0x00000000025ccaac method=java.util.concurrent.ConcurrentHashMap.putVal(Ljava/lang/Object;Ljava/lang/Object;Z)Ljava/lang/Object; @ 192
Event: 3.229 Thread 0x00000000022b0800 Uncommon trap: reason=unstable_if action=reinterpret pc=0x000000000268398c method=java.util.concurrent.ConcurrentHashMap.replaceNode(Ljava/lang/Object;Ljava/lang/Object;Ljava/lang/Object;)Ljava/lang/Object; @ 136
Event: 3.984 Thread 0x00000000022b0800 Uncommon trap: reason=class_check action=maybe_recompile pc=0x00000000025ccaac method=java.util.concurrent.ConcurrentHashMap.putVal(Ljava/lang/Object;Ljava/lang/Object;Z)Ljava/lang/Object; @ 192
Event: 4.013 Thread 0x00000000022b0800 Uncommon trap: reason=class_check action=maybe_recompile pc=0x00000000025ccaac method=java.util.concurrent.ConcurrentHashMap.putVal(Ljava/lang/Object;Ljava/lang/Object;Z)Ljava/lang/Object; @ 192
Event: 5.008 Thread 0x00000000022b0800 Uncommon trap: reason=unstable_if action=reinterpret pc=0x000000000254b2f8 method=org.apache.lucene.util.UnicodeUtil.UTF8toUTF16([BIILorg/apache/lucene/util/UnicodeUtil$UTF16Result;)V @ 51
Event: 12.112 Thread 0x00000000022b0800 Uncommon trap: reason=unstable_if action=reinterpret pc=0x0000000002688878 method=org.apache.lucene.index.TermInfosReader.get(Lorg/apache/lucene/index/Term;ZLorg/apache/lucene/util/BytesRef;)Lorg/apache/lucene/index/TermInfo; @ 181

Internal exceptions (4 events):
Event: 0.150 Thread 0x00000000022b0800 Exception <a 'java/lang/NoSuchMethodError': Method sun.misc.Unsafe.defineClass(Ljava/lang/String;[BII)Ljava/lang/Class; name or signature does not match> (0x00000000d5c0d688) thrown at [C:\re\workspace\8-2-build-windows-amd64-cygwin\jdk8u60\4407\hotspot\sr–œó+Ã?
Event: 0.150 Thread 0x00000000022b0800 Exception <a 'java/lang/NoSuchMethodError': Method sun.misc.Unsafe.prefetchRead(Ljava/lang/Object;J)V name or signature does not match> (0x00000000d5c0d970) thrown at [C:\re\workspace\8-2-build-windows-amd64-cygwin\jdk8u60\4407\hotspot\src\share\vm\prims\j~¯úIƒGò?
Event: 1.142 Thread 0x00000000022b0800 Implicit null exception at 0x000000000254d1e3 to 0x000000000254d425
Event: 1.167 Thread 0x00000000022b0800 Implicit null exception at 0x0000000002561115 to 0x0000000002561989

Events (10 events):
Event: 5.008 Thread 0x00000000022b0800 DEOPT UNPACKING pc=0x00000000023f582a sp=0x00000000022af500 mode 2
Event: 6.002 Executing VM operation: ParallelGCFailedAllocation
Event: 6.296 Executing VM operation: ParallelGCFailedAllocation done
Event: 8.048 Executing VM operation: ParallelGCFailedAllocation
Event: 8.206 Executing VM operation: ParallelGCFailedAllocation done
Event: 10.465 Executing VM operation: ParallelGCFailedAllocation
Event: 11.679 Executing VM operation: ParallelGCFailedAllocation done
Event: 12.112 Thread 0x00000000022b0800 Uncommon trap: trap_request=0xffffff65 fr.pc=0x0000000002688878
Event: 12.112 Thread 0x00000000022b0800 DEOPT PACKING pc=0x0000000002688878 sp=0x00000000022af660
Event: 12.112 Thread 0x00000000022b0800 DEOPT UNPACKING pc=0x00000000023f582a sp=0x00000000022af678 mode 2


Dynamic libraries:
0x00007ff73eb30000 - 0x00007ff73eb67000 	C:\Program Files\Java\jre1.8.0_60\bin\javaw.exe
0x00007fffcdc70000 - 0x00007fffcde31000 	C:\WINDOWS\SYSTEM32\ntdll.dll
0x00007fffcd820000 - 0x00007fffcd8cd000 	C:\WINDOWS\system32\KERNEL32.DLL
0x00007fffcadb0000 - 0x00007fffcaf98000 	C:\WINDOWS\system32\KERNELBASE.dll
0x00007fffcccc0000 - 0x00007fffccd67000 	C:\WINDOWS\system32\ADVAPI32.dll
0x00007fffcd960000 - 0x00007fffcd9fd000 	C:\WINDOWS\system32\msvcrt.dll
0x00007fffccd70000 - 0x00007fffccdcb000 	C:\WINDOWS\system32\sechost.dll
0x00007fffcc920000 - 0x00007fffcca3c000 	C:\WINDOWS\system32\RPCRT4.dll
0x00007fffcda60000 - 0x00007fffcdbb6000 	C:\WINDOWS\system32\USER32.dll
0x00007fffcd260000 - 0x00007fffcd3e6000 	C:\WINDOWS\system32\GDI32.dll
0x00007fffc1e40000 - 0x00007fffc20b4000 	C:\WINDOWS\WinSxS\amd64_microsoft.windows.common-controls_6595b64144ccf1df_6.0.10586.0_none_8c15ae12515e1c22\COMCTL32.dll
0x00007fffcca40000 - 0x00007fffcccbd000 	C:\WINDOWS\system32\combase.dll
0x00007fffcafa0000 - 0x00007fffcb00a000 	C:\WINDOWS\system32\bcryptPrimitives.dll
0x00007fffcb220000 - 0x00007fffcb25b000 	C:\WINDOWS\system32\IMM32.DLL
0x0000000059530000 - 0x0000000059602000 	C:\Program Files\Java\jre1.8.0_60\bin\msvcr100.dll
0x00000000587b0000 - 0x0000000059039000 	C:\Program Files\Java\jre1.8.0_60\bin\server\jvm.dll
0x00007fffcd940000 - 0x00007fffcd948000 	C:\WINDOWS\system32\PSAPI.DLL
0x00007fffbd350000 - 0x00007fffbd359000 	C:\WINDOWS\SYSTEM32\WSOCK32.dll
0x00007fffcd8d0000 - 0x00007fffcd93b000 	C:\WINDOWS\system32\WS2_32.dll
0x00007fffc84e0000 - 0x00007fffc8503000 	C:\WINDOWS\SYSTEM32\WINMM.dll
0x00007fffbe130000 - 0x00007fffbe13a000 	C:\WINDOWS\SYSTEM32\VERSION.dll
0x00007fffc8480000 - 0x00007fffc84ac000 	C:\WINDOWS\SYSTEM32\WINMMBASE.dll
0x00007fffcaca0000 - 0x00007fffcace3000 	C:\WINDOWS\system32\cfgmgr32.dll
0x00000000586c0000 - 0x00000000586cf000 	C:\Program Files\Java\jre1.8.0_60\bin\verify.dll
0x0000000058690000 - 0x00000000586b9000 	C:\Program Files\Java\jre1.8.0_60\bin\java.dll
0x0000000058670000 - 0x0000000058686000 	C:\Program Files\Java\jre1.8.0_60\bin\zip.dll
0x00007fffcb3c0000 - 0x00007fffcc91f000 	C:\WINDOWS\system32\SHELL32.dll
0x00007fffca650000 - 0x00007fffcac94000 	C:\WINDOWS\system32\windows.storage.dll
0x00007fffcda00000 - 0x00007fffcda52000 	C:\WINDOWS\system32\shlwapi.dll
0x00007fffca310000 - 0x00007fffca31f000 	C:\WINDOWS\system32\kernel.appcore.dll
0x00007fffcacf0000 - 0x00007fffcada5000 	C:\WINDOWS\system32\shcore.dll
0x00007fffca2c0000 - 0x00007fffca30b000 	C:\WINDOWS\system32\powrprof.dll
0x00007fffca290000 - 0x00007fffca2a4000 	C:\WINDOWS\system32\profapi.dll
0x0000000058650000 - 0x000000005866a000 	C:\Program Files\Java\jre1.8.0_60\bin\net.dll
0x00007fffc9bc0000 - 0x00007fffc9c1c000 	C:\WINDOWS\system32\mswsock.dll
0x0000000058630000 - 0x0000000058641000 	C:\Program Files\Java\jre1.8.0_60\bin\nio.dll

VM Arguments:
jvm_args: -Dfile.encoding=Cp1252 
java_command: edu.asu.irs13.SearchFiles
java_class_path (initial): C:\Users\Rajagopaalan\Desktop\New folder\irs13\bin;C:\Users\Rajagopaalan\Desktop\New folder\irs13\lib\lucene-core-3.6.2.jar
Launcher Type: SUN_STANDARD

Environment Variables:
PATH=C:/Program Files/Java/jre1.8.0_60/bin/server;C:/Program Files/Java/jre1.8.0_60/bin;C:/Program Files/Java/jre1.8.0_60/lib/amd64;C:\ProgramData\Oracle\Java\javapath;C:\Program Files (x86)\Intel\iCLS Client\;C:\Program Files\Intel\iCLS Client\;C:\WINDOWS\system32;C:\WINDOWS;C:\WINDOWS\System32\Wbem;C:\WINDOWS\System32\WindowsPowerShell\v1.0\;C:\Program Files\Intel\Intel(R) Management Engine Components\DAL;C:\Program Files (x86)\Intel\Intel(R) Management Engine Components\DAL;C:\Program Files\Intel\Intel(R) Management Engine Components\IPT;C:\Program Files (x86)\Intel\Intel(R) Management Engine Components\IPT;C:\Program Files\Intel\WiFi\bin\;C:\Program Files\Common Files\Intel\WirelessCommon\;C:\Program Files\MATLAB\R2015b\bin;C:\Users\Rajagopaalan\Anaconda;C:\Users\Rajagopaalan\Anaconda\Scripts;C:\Users\Rajagopaalan\Desktop\eclipse-jee-mars-R-win32-x86_64\eclipse;
USERNAME=Rajagopaalan
OS=Windows_NT
PROCESSOR_IDENTIFIER=Intel64 Family 6 Model 61 Stepping 4, GenuineIntel



---------------  S Y S T E M  ---------------

OS: Windows 10.0 , 64 bit Build 10586 (10.0.10586.0)

CPU:total 4 (2 cores per cpu, 2 threads per core) family 6 model 61 stepping 4, cmov, cx8, fxsr, mmx, sse, sse2, sse3, ssse3, sse4.1, sse4.2, popcnt, avx, avx2, aes, clmul, erms, 3dnowpref, lzcnt, ht, tsc, tscinvbit, bmi1, bmi2, adx

Memory: 4k page, physical 8301904k(1003888k free), swap 33467728k(3688k free)

vm_info: Java HotSpot(TM) 64-Bit Server VM (25.60-b23) for windows-amd64 JRE (1.8.0_60-b27), built on Aug  4 2015 11:06:27 by "java_re" with MS VC++ 10.0 (VS2010)

time: Fri Feb 12 04:07:22 2016
elapsed time: 13 seconds (0d 0h 0m 13s)

